<?xml version="1.0" encoding="UTF-8"?>
<testsuite xmlns:xsi="http://www.w3.org/2001/XMLSchema-instance" xsi:noNamespaceSchemaLocation="https://maven.apache.org/surefire/maven-surefire-plugin/xsd/surefire-test-report-3.0.xsd" version="3.0" name="dev.coms4156.project.clientservice.ClientControllerTest" time="1.548" tests="5" errors="0" skipped="0" failures="0">
  <properties>
[...]
</properties>
  <testcase name="testRetrieveItemEndpoint" classname="dev.coms4156.project.clientservice.ClientControllerTest" time="0.187">
    <system-out><![CDATA[13:36:03.694 [main] INFO org.springframework.test.context.support.AnnotationConfigContextLoaderUtils -- Could not detect default configuration classes for test class [dev.coms4156.project.clientservice.ClientControllerTest]: ClientControllerTest does not declare any static, non-private, non-final, nested classes annotated with @Configuration.
13:36:03.760 [main] INFO org.springframework.boot.test.context.SpringBootTestContextBootstrapper -- Found @SpringBootConfiguration dev.coms4156.project.clientservice.Application for test class dev.coms4156.project.clientservice.ClientControllerTest

  .   ____          _            __ _ _
 /\\ / ___'_ __ _ _(_)_ __  __ _ \ \ \ \
( ( )\___ | '_ | '_| | '_ \/ _` | \ \ \ \
 \\/  ___)| |_)| | | | | || (_| |  ) ) ) )
  '  |____| .__|_| |_|_| |_\__, | / / / /
 =========|_|==============|___/=/_/_/_/
 :: Spring Boot ::                (v3.2.2)

2024-12-06T13:36:03.927-05:00  INFO 3406 --- [           main] d.c.p.c.ClientControllerTest             : Starting ClientControllerTest using Java 17.0.4.1 with PID 3406 (started by xinczhang in /Users/xinczhang/IdeaProjects/4156FinalProject_ctrlZHeroes-app/ClientApplication)
2024-12-06T13:36:03.927-05:00  INFO 3406 --- [           main] d.c.p.c.ClientControllerTest             : No active profile set, falling back to 1 default profile: "default"
2024-12-06T13:36:04.756-05:00  INFO 3406 --- [           main] o.s.b.a.w.s.WelcomePageHandlerMapping    : Adding welcome page template: index
2024-12-06T13:36:04.929-05:00  INFO 3406 --- [           main] o.s.b.t.m.w.SpringBootMockServletContext : Initializing Spring TestDispatcherServlet ''
2024-12-06T13:36:04.929-05:00  INFO 3406 --- [           main] o.s.t.web.servlet.TestDispatcherServlet  : Initializing Servlet ''
2024-12-06T13:36:04.931-05:00  INFO 3406 --- [           main] o.s.t.web.servlet.TestDispatcherServlet  : Completed initialization in 1 ms
2024-12-06T13:36:04.942-05:00  INFO 3406 --- [           main] d.c.p.c.ClientControllerTest             : Started ClientControllerTest in 1.151 seconds (process running for 1.603)
]]></system-out>
  </testcase>
  <testcase name="testRetrieveAvailableItemsEndpoint" classname="dev.coms4156.project.clientservice.ClientControllerTest" time="0.005"/>
  <testcase name="testCreateDonationEndpoint" classname="dev.coms4156.project.clientservice.ClientControllerTest" time="0.004"/>
  <testcase name="testCreateRequestEndpoint" classname="dev.coms4156.project.clientservice.ClientControllerTest" time="0.004"/>
  <testcase name="testRetrieveDispatchedItemsEndpoint" classname="dev.coms4156.project.clientservice.ClientControllerTest" time="0.004"/>
</testsuite>