<?xml version="1.0" encoding="UTF-8"?>
<testsuite xmlns:xsi="http://www.w3.org/2001/XMLSchema-instance" xsi:noNamespaceSchemaLocation="https://maven.apache.org/surefire/maven-surefire-plugin/xsd/surefire-test-report-3.0.xsd" version="3.0" name="dev.coms4156.project.finalproject.ItemUnitTests" time="1.875" tests="12" errors="0" skipped="0" failures="0">
  <properties>
[...]
</properties>
  <testcase name="testToString" classname="dev.coms4156.project.finalproject.ItemUnitTests" time="0.562">
    <system-out><![CDATA[
  .   ____          _            __ _ _
 /\\ / ___'_ __ _ _(_)_ __  __ _ \ \ \ \
( ( )\___ | '_ | '_| | '_ \/ _` | \ \ \ \
 \\/  ___)| |_)| | | | | || (_| |  ) ) ) )
  '  |____| .__|_| |_|_| |_\__, | / / / /
 =========|_|==============|___/=/_/_/_/
 :: Spring Boot ::                (v3.2.2)

2024-10-18T01:27:25.829-04:00  INFO 79173 --- [IndividualProject] [           main] d.c.project.finalproject.ItemUnitTests   : Starting ItemUnitTests using Java 17.0.4.1 with PID 79173 (started by xinczhang in /Users/xinczhang/Desktop/4156/4156FinalProject_ctrlZHeroes/FinalProject)
2024-10-18T01:27:25.831-04:00  INFO 79173 --- [IndividualProject] [           main] d.c.project.finalproject.ItemUnitTests   : No active profile set, falling back to 1 default profile: "default"
2024-10-18T01:27:26.563-04:00  INFO 79173 --- [IndividualProject] [           main] d.c.project.finalproject.ItemUnitTests   : Started ItemUnitTests in 0.94 seconds (process running for 1.763)
]]></system-out>
  </testcase>
  <testcase name="testItemCreation" classname="dev.coms4156.project.finalproject.ItemUnitTests" time="0.001"/>
  <testcase name="testValidateAttributes_NullExpirationDate" classname="dev.coms4156.project.finalproject.ItemUnitTests" time="0.002"/>
  <testcase name="testMarkAsUnknown" classname="dev.coms4156.project.finalproject.ItemUnitTests" time="0.001"/>
  <testcase name="testSetQuantity" classname="dev.coms4156.project.finalproject.ItemUnitTests" time="0.0"/>
  <testcase name="testSetExpirationDate" classname="dev.coms4156.project.finalproject.ItemUnitTests" time="0.001"/>
  <testcase name="testValidateAttributes_ValidItem" classname="dev.coms4156.project.finalproject.ItemUnitTests" time="0.001"/>
  <testcase name="testMarkAsDispatched" classname="dev.coms4156.project.finalproject.ItemUnitTests" time="0.001"/>
  <testcase name="testGenerateUniqueItemId" classname="dev.coms4156.project.finalproject.ItemUnitTests" time="0.001"/>
  <testcase name="testSetStatus" classname="dev.coms4156.project.finalproject.ItemUnitTests" time="0.0"/>
  <testcase name="testValidateAttributes_ZeroQuantityItem" classname="dev.coms4156.project.finalproject.ItemUnitTests" time="0.002"/>
  <testcase name="testValidateAttributes_ExpiredItem" classname="dev.coms4156.project.finalproject.ItemUnitTests" time="0.001"/>
</testsuite>