<?xml version="1.0" encoding="UTF-8"?>
<testsuite xmlns:xsi="http://www.w3.org/2001/XMLSchema-instance" xsi:noNamespaceSchemaLocation="https://maven.apache.org/surefire/maven-surefire-plugin/xsd/surefire-test-report-3.0.xsd" version="3.0" name="dev.coms4156.project.clientservice.ClientControllerTest" time="1.517" tests="15" errors="0" skipped="0" failures="0">
  <properties>
[...]
</properties>
  <testcase name="testRetrieveItemPage" classname="dev.coms4156.project.clientservice.ClientControllerTest" time="0.01">
    <system-out><![CDATA[00:15:38.791 [main] INFO org.springframework.test.context.support.AnnotationConfigContextLoaderUtils -- Could not detect default configuration classes for test class [dev.coms4156.project.clientservice.ClientControllerTest]: ClientControllerTest does not declare any static, non-private, non-final, nested classes annotated with @Configuration.
00:15:38.844 [main] INFO org.springframework.boot.test.context.SpringBootTestContextBootstrapper -- Found @SpringBootConfiguration dev.coms4156.project.clientservice.Application for test class dev.coms4156.project.clientservice.ClientControllerTest

  .   ____          _            __ _ _
 /\\ / ___'_ __ _ _(_)_ __  __ _ \ \ \ \
( ( )\___ | '_ | '_| | '_ \/ _` | \ \ \ \
 \\/  ___)| |_)| | | | | || (_| |  ) ) ) )
  '  |____| .__|_| |_|_| |_\__, | / / / /
 =========|_|==============|___/=/_/_/_/
&amp#27;[32m :: Spring Boot :: &amp#27;[39m              &amp#27;[2m (v3.2.2)&amp#27;[0;39m

&amp#27;[2m2024-11-22T00:15:39.505-05:00&amp#27;[0;39m &amp#27;[32m INFO&amp#27;[0;39m &amp#27;[35m17261&amp#27;[0;39m &amp#27;[2m---&amp#27;[0;39m &amp#27;[2m[           main]&amp#27;[0;39m &amp#27;[2m&amp#27;[0;39m&amp#27;[36md.c.p.c.ClientControllerTest            &amp#27;[0;39m &amp#27;[2m:&amp#27;[0;39m Starting ClientControllerTest using Java 22.0.2 with PID 17261 (started by ruanqirui in /Users/ruanqirui/4156FinalProject_ctrlZHeroes-app/ClientApplication)
&amp#27;[2m2024-11-22T00:15:39.506-05:00&amp#27;[0;39m &amp#27;[32m INFO&amp#27;[0;39m &amp#27;[35m17261&amp#27;[0;39m &amp#27;[2m---&amp#27;[0;39m &amp#27;[2m[           main]&amp#27;[0;39m &amp#27;[2m&amp#27;[0;39m&amp#27;[36md.c.p.c.ClientControllerTest            &amp#27;[0;39m &amp#27;[2m:&amp#27;[0;39m No active profile set, falling back to 1 default profile: "default"
&amp#27;[2m2024-11-22T00:15:39.982-05:00&amp#27;[0;39m &amp#27;[32m INFO&amp#27;[0;39m &amp#27;[35m17261&amp#27;[0;39m &amp#27;[2m---&amp#27;[0;39m &amp#27;[2m[           main]&amp#27;[0;39m &amp#27;[2m&amp#27;[0;39m&amp#27;[36mo.s.b.a.w.s.WelcomePageHandlerMapping   &amp#27;[0;39m &amp#27;[2m:&amp#27;[0;39m Adding welcome page template: index
&amp#27;[2m2024-11-22T00:15:40.146-05:00&amp#27;[0;39m &amp#27;[32m INFO&amp#27;[0;39m &amp#27;[35m17261&amp#27;[0;39m &amp#27;[2m---&amp#27;[0;39m &amp#27;[2m[           main]&amp#27;[0;39m &amp#27;[2m&amp#27;[0;39m&amp#27;[36mo.s.b.t.m.w.SpringBootMockServletContext&amp#27;[0;39m &amp#27;[2m:&amp#27;[0;39m Initializing Spring TestDispatcherServlet ''
&amp#27;[2m2024-11-22T00:15:40.146-05:00&amp#27;[0;39m &amp#27;[32m INFO&amp#27;[0;39m &amp#27;[35m17261&amp#27;[0;39m &amp#27;[2m---&amp#27;[0;39m &amp#27;[2m[           main]&amp#27;[0;39m &amp#27;[2m&amp#27;[0;39m&amp#27;[36mo.s.t.web.servlet.TestDispatcherServlet &amp#27;[0;39m &amp#27;[2m:&amp#27;[0;39m Initializing Servlet ''
&amp#27;[2m2024-11-22T00:15:40.147-05:00&amp#27;[0;39m &amp#27;[32m INFO&amp#27;[0;39m &amp#27;[35m17261&amp#27;[0;39m &amp#27;[2m---&amp#27;[0;39m &amp#27;[2m[           main]&amp#27;[0;39m &amp#27;[2m&amp#27;[0;39m&amp#27;[36mo.s.t.web.servlet.TestDispatcherServlet &amp#27;[0;39m &amp#27;[2m:&amp#27;[0;39m Completed initialization in 0 ms
&amp#27;[2m2024-11-22T00:15:40.156-05:00&amp#27;[0;39m &amp#27;[32m INFO&amp#27;[0;39m &amp#27;[35m17261&amp#27;[0;39m &amp#27;[2m---&amp#27;[0;39m &amp#27;[2m[           main]&amp#27;[0;39m &amp#27;[2m&amp#27;[0;39m&amp#27;[36md.c.p.c.ClientControllerTest            &amp#27;[0;39m &amp#27;[2m:&amp#27;[0;39m Started ClientControllerTest in 0.873 seconds (process running for 1.679)
]]></system-out>
    <system-err><![CDATA[WARNING: A Java agent has been loaded dynamically (/Users/ruanqirui/.m2/repository/net/bytebuddy/byte-buddy-agent/1.14.11/byte-buddy-agent-1.14.11.jar)
WARNING: If a serviceability tool is in use, please run with -XX:+EnableDynamicAgentLoading to hide this warning
WARNING: If a serviceability tool is not in use, please run with -Djdk.instrument.traceUsage for more information
WARNING: Dynamic loading of agents will be disallowed by default in a future release
]]></system-err>
  </testcase>
  <testcase name="testRetrieveAvailableItems" classname="dev.coms4156.project.clientservice.ClientControllerTest" time="0.01"/>
  <testcase name="testRetrieveItemEndpoint" classname="dev.coms4156.project.clientservice.ClientControllerTest" time="0.028"/>
  <testcase name="testRetrieveAvailableItemsEndpoint" classname="dev.coms4156.project.clientservice.ClientControllerTest" time="0.003"/>
  <testcase name="testCreateDonationEndpoint" classname="dev.coms4156.project.clientservice.ClientControllerTest" time="0.003"/>
  <testcase name="testCreateRequestPage" classname="dev.coms4156.project.clientservice.ClientControllerTest" time="0.001"/>
  <testcase name="testRetrieveAvailableItemsPage" classname="dev.coms4156.project.clientservice.ClientControllerTest" time="0.001"/>
  <testcase name="testCreateRequestEndpoint" classname="dev.coms4156.project.clientservice.ClientControllerTest" time="0.003"/>
  <testcase name="testHomePage" classname="dev.coms4156.project.clientservice.ClientControllerTest" time="0.001"/>
  <testcase name="testRetrieveDispatchedItemsEndpoint" classname="dev.coms4156.project.clientservice.ClientControllerTest" time="0.002"/>
  <testcase name="testCreateRequest" classname="dev.coms4156.project.clientservice.ClientControllerTest" time="0.002"/>
  <testcase name="testRetrieveDispatchedItems" classname="dev.coms4156.project.clientservice.ClientControllerTest" time="0.001"/>
  <testcase name="testCreateDonationPage" classname="dev.coms4156.project.clientservice.ClientControllerTest" time="0.001"/>
  <testcase name="testRetrieveDispatchedItemsPage" classname="dev.coms4156.project.clientservice.ClientControllerTest" time="0.001"/>
  <testcase name="testRetrieveItem" classname="dev.coms4156.project.clientservice.ClientControllerTest" time="0.001"/>
</testsuite>